d:\profitprojects\quicksort\quicksortasm\x64\debug\quicksortasm.pch
d:\profitprojects\quicksort\quicksortasm\x64\debug\vc143.pdb
d:\profitprojects\quicksort\quicksortasm\x64\debug\vc143.idb
d:\profitprojects\quicksort\quicksortasm\x64\debug\pch.obj
d:\profitprojects\quicksort\quicksortasm\x64\debug\dllmain.obj
d:\profitprojects\quicksort\x64\debug\quicksortasm.lib
d:\profitprojects\quicksort\x64\debug\quicksortasm.exp
d:\profitprojects\quicksort\x64\debug\quicksortasm.dll
d:\profitprojects\quicksort\quicksortasm\x64\debug\quicksortasm.ilk
d:\profitprojects\quicksort\x64\debug\quicksortasm.pdb
d:\profitprojects\quicksort\quicksortasm\x64\debug\quicksort.obj
d:\profitprojects\quicksort\quicksortasm\x64\debug\quicksortasm.tlog\cl.command.1.tlog
d:\profitprojects\quicksort\quicksortasm\x64\debug\quicksortasm.tlog\cl.items.tlog
d:\profitprojects\quicksort\quicksortasm\x64\debug\quicksortasm.tlog\cl.read.1.tlog
d:\profitprojects\quicksort\quicksortasm\x64\debug\quicksortasm.tlog\cl.write.1.tlog
d:\profitprojects\quicksort\quicksortasm\x64\debug\quicksortasm.tlog\link.command.1.tlog
d:\profitprojects\quicksort\quicksortasm\x64\debug\quicksortasm.tlog\link.read.1.tlog
d:\profitprojects\quicksort\quicksortasm\x64\debug\quicksortasm.tlog\link.write.1.tlog
d:\profitprojects\quicksort\quicksortasm\x64\debug\quicksortasm.tlog\link.write.2u.tlog
d:\profitprojects\quicksort\quicksortasm\x64\debug\quicksortasm.tlog\masm.read.1u.tlog
d:\profitprojects\quicksort\quicksortasm\x64\debug\quicksortasm.tlog\masm.write.1u.tlog
